2019-03-31 19:18:28.217 [main] INFO  com.course.Application - Starting Application on jj-PC with PID 10516 (G:\Danli\Workspace\muke\AutoTest\Chapter13\target\classes started by jj in G:\Danli\Workspace\muke\AutoTest)
2019-03-31 19:18:28.228 [main] INFO  com.course.Application - No active profile set, falling back to default profiles: default
2019-03-31 19:18:29.800 [main] WARN  org.mybatis.spring.mapper.ClassPathMapperScanner - No MyBatis mapper was found in '[com.course]' package. Please check your configuration.
2019-03-31 19:18:30.241 [main] INFO  o.s.context.support.PostProcessorRegistrationDelegate$BeanPostProcessorChecker - Bean 'org.springframework.transaction.annotation.ProxyTransactionManagementConfiguration' of type [org.springframework.transaction.annotation.ProxyTransactionManagementConfiguration$$EnhancerBySpringCGLIB$$851ba68a] is not eligible for getting processed by all BeanPostProcessors (for example: not eligible for auto-proxying)
2019-03-31 19:18:30.711 [main] INFO  org.springframework.boot.web.embedded.tomcat.TomcatWebServer - Tomcat initialized with port(s): 8888 (http)
2019-03-31 19:18:30.747 [main] INFO  org.apache.catalina.core.StandardService - Starting service [Tomcat]
2019-03-31 19:18:30.748 [main] INFO  org.apache.catalina.core.StandardEngine - Starting Servlet engine: [Apache Tomcat/9.0.16]
2019-03-31 19:18:30.757 [main] INFO  org.apache.catalina.core.AprLifecycleListener - The APR based Apache Tomcat Native library which allows optimal performance in production environments was not found on the java.library.path: [C:\Program Files\Java\jdk1.8.0_171\bin;C:\Windows\Sun\Java\bin;C:\Windows\system32;C:\Windows;C:\Program Files (x86)\NetSarang\Xftp 6\;C:\Program Files (x86)\NetSarang\Xshell 6\;C:\Python27\;C:\Python27\Scripts;C:\Program Files (x86)\IntelSWTools\Intel(R)_Media_SDK_2017.0.1\bin\x64;C:\Program Files (x86)\IntelSWTools\Intel(R)_Media_SDK_2017.0.1\bin\win32;C:\Perl64\site\bin;C:\Perl64\bin;C:\Program Files (x86)\Common Files\Oracle\Java\javapath;C:\Windows\system32;C:\Windows;C:\Windows\System32\Wbem;C:\Windows\System32\WindowsPowerShell\v1.0\;C:\Program Files (x86)\NVIDIA Corporation\PhysX\Common;C:\Program Files\Java\jdk1.8.0_171\bin;C:\Program Files\Java\jdk1.8.0_171\jre\bin;C:\Program Files\Git\cmd;E:\svn\bin;C:\Program Files\Microsoft\Web Platform Installer\;C:\Program Files (x86)\Microsoft ASP.NET\ASP.NET Web Pages\v1.0\;C:\Program Files\Microsoft SQL Server\110\Tools\Binn\;C:\Program Files (x86)\Microsoft SQL Server\100\Tools\Binn\;C:\Program Files\Microsoft SQL Server\100\Tools\Binn\;C:\Program Files\Microsoft SQL Server\100\DTS\Binn\;E:\Program Files (x86)\Microsoft Visual Studio 10.0\VC\bin;E:\Program Files (x86)\Microsoft Visual Studio 10.0\Common7\IDE;C:\MinGW\bin;F:\android-sdk\Android\android-sdk\ndk-bundle;C:\Program Files\dotnet\;F:\nginx-rtmp\UnxUpdates;C:\node\;G:\丹丽\Fiddler;C:\Users\jj\AppData\Roaming\npm;.]
2019-03-31 19:18:30.972 [main] INFO  org.apache.catalina.core.ContainerBase.[Tomcat].[localhost].[/] - Initializing Spring embedded WebApplicationContext
2019-03-31 19:18:30.972 [main] INFO  org.springframework.web.context.ContextLoader - Root WebApplicationContext: initialization completed in 2571 ms
2019-03-31 19:18:32.166 [main] INFO  org.springframework.scheduling.concurrent.ThreadPoolTaskExecutor - Initializing ExecutorService 'applicationTaskExecutor'
2019-03-31 19:18:32.361 [main] INFO  org.springframework.scheduling.concurrent.ThreadPoolTaskScheduler - Initializing ExecutorService 'taskScheduler'
2019-03-31 19:18:32.424 [main] INFO  springfox.documentation.spring.web.plugins.DocumentationPluginsBootstrapper - Context refreshed
2019-03-31 19:18:32.448 [main] INFO  springfox.documentation.spring.web.plugins.DocumentationPluginsBootstrapper - Found 1 custom documentation plugin(s)
2019-03-31 19:18:32.467 [main] INFO  springfox.documentation.spring.web.scanners.ApiListingReferenceScanner - Scanning for api listing references
2019-03-31 19:18:32.844 [main] ERROR org.apache.catalina.util.LifecycleBase - Failed to start component [Connector[HTTP/1.1-8888]]
org.apache.catalina.LifecycleException: Protocol handler start failed
	at org.apache.catalina.connector.Connector.startInternal(Connector.java:1008)
	at org.apache.catalina.util.LifecycleBase.start(LifecycleBase.java:183)
	at org.apache.catalina.core.StandardService.addConnector(StandardService.java:226)
	at org.springframework.boot.web.embedded.tomcat.TomcatWebServer.addPreviouslyRemovedConnectors(TomcatWebServer.java:259)
	at org.springframework.boot.web.embedded.tomcat.TomcatWebServer.start(TomcatWebServer.java:197)
	at org.springframework.boot.web.servlet.context.ServletWebServerApplicationContext.startWebServer(ServletWebServerApplicationContext.java:311)
	at org.springframework.boot.web.servlet.context.ServletWebServerApplicationContext.finishRefresh(ServletWebServerApplicationContext.java:164)
	at org.springframework.context.support.AbstractApplicationContext.refresh(AbstractApplicationContext.java:552)
	at org.springframework.boot.web.servlet.context.ServletWebServerApplicationContext.refresh(ServletWebServerApplicationContext.java:142)
	at org.springframework.boot.SpringApplication.refresh(SpringApplication.java:775)
	at org.springframework.boot.SpringApplication.refreshContext(SpringApplication.java:397)
	at org.springframework.boot.SpringApplication.run(SpringApplication.java:316)
	at org.springframework.boot.SpringApplication.run(SpringApplication.java:1260)
	at org.springframework.boot.SpringApplication.run(SpringApplication.java:1248)
	at com.course.Application.main(Application.java:11)
Caused by: java.net.BindException: Address already in use: bind
	at sun.nio.ch.Net.bind0(Native Method)
	at sun.nio.ch.Net.bind(Net.java:433)
	at sun.nio.ch.Net.bind(Net.java:425)
	at sun.nio.ch.ServerSocketChannelImpl.bind(ServerSocketChannelImpl.java:223)
	at sun.nio.ch.ServerSocketAdaptor.bind(ServerSocketAdaptor.java:74)
	at org.apache.tomcat.util.net.NioEndpoint.initServerSocket(NioEndpoint.java:236)
	at org.apache.tomcat.util.net.NioEndpoint.bind(NioEndpoint.java:210)
	at org.apache.tomcat.util.net.AbstractEndpoint.bindWithCleanup(AbstractEndpoint.java:1085)
	at org.apache.tomcat.util.net.AbstractEndpoint.start(AbstractEndpoint.java:1171)
	at org.apache.coyote.AbstractProtocol.start(AbstractProtocol.java:568)
	at org.apache.catalina.connector.Connector.startInternal(Connector.java:1005)
	... 14 common frames omitted
2019-03-31 19:18:32.852 [main] INFO  org.apache.catalina.core.StandardService - Stopping service [Tomcat]
2019-03-31 19:18:32.867 [main] INFO  o.s.boot.autoconfigure.logging.ConditionEvaluationReportLoggingListener - 

Error starting ApplicationContext. To display the conditions report re-run your application with 'debug' enabled.
2019-03-31 19:18:32.874 [main] ERROR org.springframework.boot.diagnostics.LoggingFailureAnalysisReporter - 

***************************
APPLICATION FAILED TO START
***************************

Description:

The Tomcat connector configured to listen on port 8888 failed to start. The port may already be in use or the connector may be misconfigured.

Action:

Verify the connector's configuration, identify and stop any process that's listening on port 8888, or configure this application to listen on another port.

2019-03-31 19:18:32.878 [main] INFO  org.springframework.scheduling.concurrent.ThreadPoolTaskScheduler - Shutting down ExecutorService 'taskScheduler'
2019-03-31 19:18:32.879 [main] INFO  org.springframework.scheduling.concurrent.ThreadPoolTaskExecutor - Shutting down ExecutorService 'applicationTaskExecutor'
2019-03-31 19:24:12.616 [main] INFO  com.course.Application - Starting Application on jj-PC with PID 1076 (G:\Danli\Workspace\muke\AutoTest\Chapter13\target\classes started by jj in G:\Danli\Workspace\muke\AutoTest)
2019-03-31 19:24:12.623 [main] INFO  com.course.Application - No active profile set, falling back to default profiles: default
2019-03-31 19:24:14.111 [main] WARN  org.mybatis.spring.mapper.ClassPathMapperScanner - No MyBatis mapper was found in '[com.course]' package. Please check your configuration.
2019-03-31 19:24:14.508 [main] INFO  o.s.context.support.PostProcessorRegistrationDelegate$BeanPostProcessorChecker - Bean 'org.springframework.transaction.annotation.ProxyTransactionManagementConfiguration' of type [org.springframework.transaction.annotation.ProxyTransactionManagementConfiguration$$EnhancerBySpringCGLIB$$16c0afd] is not eligible for getting processed by all BeanPostProcessors (for example: not eligible for auto-proxying)
2019-03-31 19:24:14.916 [main] INFO  org.springframework.boot.web.embedded.tomcat.TomcatWebServer - Tomcat initialized with port(s): 8888 (http)
2019-03-31 19:24:14.944 [main] INFO  org.apache.catalina.core.StandardService - Starting service [Tomcat]
2019-03-31 19:24:14.944 [main] INFO  org.apache.catalina.core.StandardEngine - Starting Servlet engine: [Apache Tomcat/9.0.16]
2019-03-31 19:24:14.952 [main] INFO  org.apache.catalina.core.AprLifecycleListener - The APR based Apache Tomcat Native library which allows optimal performance in production environments was not found on the java.library.path: [C:\Program Files\Java\jdk1.8.0_171\bin;C:\Windows\Sun\Java\bin;C:\Windows\system32;C:\Windows;C:\Program Files (x86)\NetSarang\Xftp 6\;C:\Program Files (x86)\NetSarang\Xshell 6\;C:\Python27\;C:\Python27\Scripts;C:\Program Files (x86)\IntelSWTools\Intel(R)_Media_SDK_2017.0.1\bin\x64;C:\Program Files (x86)\IntelSWTools\Intel(R)_Media_SDK_2017.0.1\bin\win32;C:\Perl64\site\bin;C:\Perl64\bin;C:\Program Files (x86)\Common Files\Oracle\Java\javapath;C:\Windows\system32;C:\Windows;C:\Windows\System32\Wbem;C:\Windows\System32\WindowsPowerShell\v1.0\;C:\Program Files (x86)\NVIDIA Corporation\PhysX\Common;C:\Program Files\Java\jdk1.8.0_171\bin;C:\Program Files\Java\jdk1.8.0_171\jre\bin;C:\Program Files\Git\cmd;E:\svn\bin;C:\Program Files\Microsoft\Web Platform Installer\;C:\Program Files (x86)\Microsoft ASP.NET\ASP.NET Web Pages\v1.0\;C:\Program Files\Microsoft SQL Server\110\Tools\Binn\;C:\Program Files (x86)\Microsoft SQL Server\100\Tools\Binn\;C:\Program Files\Microsoft SQL Server\100\Tools\Binn\;C:\Program Files\Microsoft SQL Server\100\DTS\Binn\;E:\Program Files (x86)\Microsoft Visual Studio 10.0\VC\bin;E:\Program Files (x86)\Microsoft Visual Studio 10.0\Common7\IDE;C:\MinGW\bin;F:\android-sdk\Android\android-sdk\ndk-bundle;C:\Program Files\dotnet\;F:\nginx-rtmp\UnxUpdates;C:\node\;G:\丹丽\Fiddler;C:\Users\jj\AppData\Roaming\npm;.]
2019-03-31 19:24:15.129 [main] INFO  org.apache.catalina.core.ContainerBase.[Tomcat].[localhost].[/] - Initializing Spring embedded WebApplicationContext
2019-03-31 19:24:15.129 [main] INFO  org.springframework.web.context.ContextLoader - Root WebApplicationContext: initialization completed in 2440 ms
2019-03-31 19:24:16.081 [main] INFO  org.springframework.scheduling.concurrent.ThreadPoolTaskExecutor - Initializing ExecutorService 'applicationTaskExecutor'
2019-03-31 19:24:16.263 [main] INFO  org.springframework.scheduling.concurrent.ThreadPoolTaskScheduler - Initializing ExecutorService 'taskScheduler'
2019-03-31 19:24:16.321 [main] INFO  springfox.documentation.spring.web.plugins.DocumentationPluginsBootstrapper - Context refreshed
2019-03-31 19:24:16.339 [main] INFO  springfox.documentation.spring.web.plugins.DocumentationPluginsBootstrapper - Found 1 custom documentation plugin(s)
2019-03-31 19:24:16.355 [main] INFO  springfox.documentation.spring.web.scanners.ApiListingReferenceScanner - Scanning for api listing references
2019-03-31 19:24:16.669 [main] ERROR org.apache.catalina.util.LifecycleBase - Failed to start component [Connector[HTTP/1.1-8888]]
org.apache.catalina.LifecycleException: Protocol handler start failed
	at org.apache.catalina.connector.Connector.startInternal(Connector.java:1008)
	at org.apache.catalina.util.LifecycleBase.start(LifecycleBase.java:183)
	at org.apache.catalina.core.StandardService.addConnector(StandardService.java:226)
	at org.springframework.boot.web.embedded.tomcat.TomcatWebServer.addPreviouslyRemovedConnectors(TomcatWebServer.java:259)
	at org.springframework.boot.web.embedded.tomcat.TomcatWebServer.start(TomcatWebServer.java:197)
	at org.springframework.boot.web.servlet.context.ServletWebServerApplicationContext.startWebServer(ServletWebServerApplicationContext.java:311)
	at org.springframework.boot.web.servlet.context.ServletWebServerApplicationContext.finishRefresh(ServletWebServerApplicationContext.java:164)
	at org.springframework.context.support.AbstractApplicationContext.refresh(AbstractApplicationContext.java:552)
	at org.springframework.boot.web.servlet.context.ServletWebServerApplicationContext.refresh(ServletWebServerApplicationContext.java:142)
	at org.springframework.boot.SpringApplication.refresh(SpringApplication.java:775)
	at org.springframework.boot.SpringApplication.refreshContext(SpringApplication.java:397)
	at org.springframework.boot.SpringApplication.run(SpringApplication.java:316)
	at org.springframework.boot.SpringApplication.run(SpringApplication.java:1260)
	at org.springframework.boot.SpringApplication.run(SpringApplication.java:1248)
	at com.course.Application.main(Application.java:11)
Caused by: java.net.BindException: Address already in use: bind
	at sun.nio.ch.Net.bind0(Native Method)
	at sun.nio.ch.Net.bind(Net.java:433)
	at sun.nio.ch.Net.bind(Net.java:425)
	at sun.nio.ch.ServerSocketChannelImpl.bind(ServerSocketChannelImpl.java:223)
	at sun.nio.ch.ServerSocketAdaptor.bind(ServerSocketAdaptor.java:74)
	at org.apache.tomcat.util.net.NioEndpoint.initServerSocket(NioEndpoint.java:236)
	at org.apache.tomcat.util.net.NioEndpoint.bind(NioEndpoint.java:210)
	at org.apache.tomcat.util.net.AbstractEndpoint.bindWithCleanup(AbstractEndpoint.java:1085)
	at org.apache.tomcat.util.net.AbstractEndpoint.start(AbstractEndpoint.java:1171)
	at org.apache.coyote.AbstractProtocol.start(AbstractProtocol.java:568)
	at org.apache.catalina.connector.Connector.startInternal(Connector.java:1005)
	... 14 common frames omitted
2019-03-31 19:24:16.677 [main] INFO  org.apache.catalina.core.StandardService - Stopping service [Tomcat]
2019-03-31 19:24:16.687 [main] INFO  o.s.boot.autoconfigure.logging.ConditionEvaluationReportLoggingListener - 

Error starting ApplicationContext. To display the conditions report re-run your application with 'debug' enabled.
2019-03-31 19:24:16.694 [main] ERROR org.springframework.boot.diagnostics.LoggingFailureAnalysisReporter - 

***************************
APPLICATION FAILED TO START
***************************

Description:

The Tomcat connector configured to listen on port 8888 failed to start. The port may already be in use or the connector may be misconfigured.

Action:

Verify the connector's configuration, identify and stop any process that's listening on port 8888, or configure this application to listen on another port.

2019-03-31 19:24:16.698 [main] INFO  org.springframework.scheduling.concurrent.ThreadPoolTaskScheduler - Shutting down ExecutorService 'taskScheduler'
2019-03-31 19:24:16.700 [main] INFO  org.springframework.scheduling.concurrent.ThreadPoolTaskExecutor - Shutting down ExecutorService 'applicationTaskExecutor'
2019-03-31 19:31:13.848 [main] INFO  com.course.Application - Starting Application on jj-PC with PID 10980 (G:\Danli\Workspace\muke\AutoTest\Chapter13\target\classes started by jj in G:\Danli\Workspace\muke\AutoTest)
2019-03-31 19:31:13.857 [main] INFO  com.course.Application - No active profile set, falling back to default profiles: default
2019-03-31 19:31:15.041 [main] WARN  org.mybatis.spring.mapper.ClassPathMapperScanner - No MyBatis mapper was found in '[com.course]' package. Please check your configuration.
2019-03-31 19:31:15.434 [main] INFO  o.s.context.support.PostProcessorRegistrationDelegate$BeanPostProcessorChecker - Bean 'org.springframework.transaction.annotation.ProxyTransactionManagementConfiguration' of type [org.springframework.transaction.annotation.ProxyTransactionManagementConfiguration$$EnhancerBySpringCGLIB$$ac49b766] is not eligible for getting processed by all BeanPostProcessors (for example: not eligible for auto-proxying)
2019-03-31 19:31:15.842 [main] INFO  org.springframework.boot.web.embedded.tomcat.TomcatWebServer - Tomcat initialized with port(s): 8888 (http)
2019-03-31 19:31:15.879 [main] INFO  org.apache.catalina.core.StandardService - Starting service [Tomcat]
2019-03-31 19:31:15.879 [main] INFO  org.apache.catalina.core.StandardEngine - Starting Servlet engine: [Apache Tomcat/9.0.16]
2019-03-31 19:31:15.887 [main] INFO  org.apache.catalina.core.AprLifecycleListener - The APR based Apache Tomcat Native library which allows optimal performance in production environments was not found on the java.library.path: [C:\Program Files\Java\jdk1.8.0_171\bin;C:\Windows\Sun\Java\bin;C:\Windows\system32;C:\Windows;C:\Program Files (x86)\NetSarang\Xftp 6\;C:\Program Files (x86)\NetSarang\Xshell 6\;C:\Python27\;C:\Python27\Scripts;C:\Program Files (x86)\IntelSWTools\Intel(R)_Media_SDK_2017.0.1\bin\x64;C:\Program Files (x86)\IntelSWTools\Intel(R)_Media_SDK_2017.0.1\bin\win32;C:\Perl64\site\bin;C:\Perl64\bin;C:\Program Files (x86)\Common Files\Oracle\Java\javapath;C:\Windows\system32;C:\Windows;C:\Windows\System32\Wbem;C:\Windows\System32\WindowsPowerShell\v1.0\;C:\Program Files (x86)\NVIDIA Corporation\PhysX\Common;C:\Program Files\Java\jdk1.8.0_171\bin;C:\Program Files\Java\jdk1.8.0_171\jre\bin;C:\Program Files\Git\cmd;E:\svn\bin;C:\Program Files\Microsoft\Web Platform Installer\;C:\Program Files (x86)\Microsoft ASP.NET\ASP.NET Web Pages\v1.0\;C:\Program Files\Microsoft SQL Server\110\Tools\Binn\;C:\Program Files (x86)\Microsoft SQL Server\100\Tools\Binn\;C:\Program Files\Microsoft SQL Server\100\Tools\Binn\;C:\Program Files\Microsoft SQL Server\100\DTS\Binn\;E:\Program Files (x86)\Microsoft Visual Studio 10.0\VC\bin;E:\Program Files (x86)\Microsoft Visual Studio 10.0\Common7\IDE;C:\MinGW\bin;F:\android-sdk\Android\android-sdk\ndk-bundle;C:\Program Files\dotnet\;F:\nginx-rtmp\UnxUpdates;C:\node\;G:\丹丽\Fiddler;C:\Users\jj\AppData\Roaming\npm;.]
2019-03-31 19:31:16.063 [main] INFO  org.apache.catalina.core.ContainerBase.[Tomcat].[localhost].[/] - Initializing Spring embedded WebApplicationContext
2019-03-31 19:31:16.063 [main] INFO  org.springframework.web.context.ContextLoader - Root WebApplicationContext: initialization completed in 2127 ms
2019-03-31 19:31:16.984 [main] INFO  org.springframework.scheduling.concurrent.ThreadPoolTaskExecutor - Initializing ExecutorService 'applicationTaskExecutor'
2019-03-31 19:31:17.151 [main] INFO  org.springframework.scheduling.concurrent.ThreadPoolTaskScheduler - Initializing ExecutorService 'taskScheduler'
2019-03-31 19:31:17.213 [main] INFO  springfox.documentation.spring.web.plugins.DocumentationPluginsBootstrapper - Context refreshed
2019-03-31 19:31:17.228 [main] INFO  springfox.documentation.spring.web.plugins.DocumentationPluginsBootstrapper - Found 1 custom documentation plugin(s)
2019-03-31 19:31:17.244 [main] INFO  springfox.documentation.spring.web.scanners.ApiListingReferenceScanner - Scanning for api listing references
2019-03-31 19:31:17.564 [main] INFO  org.springframework.boot.web.embedded.tomcat.TomcatWebServer - Tomcat started on port(s): 8888 (http) with context path ''
2019-03-31 19:31:17.570 [main] INFO  com.course.Application - Started Application in 5.219 seconds (JVM running for 7.108)
2019-03-31 19:33:26.550 [http-nio-8888-exec-2] INFO  org.apache.catalina.core.ContainerBase.[Tomcat].[localhost].[/] - Initializing Spring DispatcherServlet 'dispatcherServlet'
2019-03-31 19:33:26.550 [http-nio-8888-exec-2] INFO  org.springframework.web.servlet.DispatcherServlet - Initializing Servlet 'dispatcherServlet'
2019-03-31 19:33:26.561 [http-nio-8888-exec-2] INFO  org.springframework.web.servlet.DispatcherServlet - Completed initialization in 11 ms
2019-03-31 19:33:26.580 [http-nio-8888-exec-2] WARN  org.springframework.web.servlet.mvc.support.DefaultHandlerExceptionResolver - Resolved [org.springframework.web.HttpRequestMethodNotSupportedException: Request method 'GET' not supported]
2019-03-31 19:33:35.945 [http-nio-8888-exec-3] INFO  com.zaxxer.hikari.HikariDataSource - HikariPool-1 - Starting...
2019-03-31 19:33:36.114 [http-nio-8888-exec-3] INFO  com.zaxxer.hikari.HikariDataSource - HikariPool-1 - Start completed.
2019-03-31 19:33:36.202 [http-nio-8888-exec-3] INFO  com.course.controller.UserManager - 查询到的结果是1
2019-03-31 19:33:36.203 [http-nio-8888-exec-3] INFO  com.course.controller.UserManager - 登陆的用户是zhangsan
2019-03-31 19:35:09.285 [http-nio-8888-exec-5] INFO  com.course.controller.UserManager - 查询到的结果是1
2019-03-31 19:35:09.286 [http-nio-8888-exec-5] INFO  com.course.controller.UserManager - 登陆的用户是danli
2019-03-31 19:35:09.388 [http-nio-8888-exec-6] INFO  com.course.controller.UserManager - 查询到的结果是0
2019-03-31 19:35:09.765 [http-nio-8888-exec-7] INFO  com.course.controller.UserManager - cookies验证通过
2019-03-31 19:35:09.884 [http-nio-8888-exec-7] INFO  com.course.controller.UserManager - 添加用户的数量是：1
2019-03-31 19:35:13.969 [http-nio-8888-exec-8] INFO  com.course.controller.UserManager - cookies验证通过
2019-03-31 19:35:14.010 [http-nio-8888-exec-8] INFO  com.course.controller.UserManager - getUserInfo获取到的用户数量是1
2019-03-31 19:35:16.087 [http-nio-8888-exec-9] INFO  com.course.controller.UserManager - cookies验证通过
2019-03-31 19:35:16.091 [http-nio-8888-exec-9] INFO  com.course.controller.UserManager - getUserInfo获取到的用户数量是3
2019-03-31 19:35:18.199 [http-nio-8888-exec-10] INFO  com.course.controller.UserManager - cookies验证通过
2019-03-31 19:35:18.202 [http-nio-8888-exec-10] INFO  com.course.controller.UserManager - 更新数据的条目数为1
2019-03-31 19:35:20.252 [http-nio-8888-exec-1] INFO  com.course.controller.UserManager - cookies验证通过
2019-03-31 19:35:20.257 [http-nio-8888-exec-1] INFO  com.course.controller.UserManager - 更新数据的条目数为1
2019-03-31 20:04:20.308 [http-nio-8888-exec-3] INFO  com.course.controller.UserManager - 查询到的结果是1
2019-03-31 20:04:20.309 [http-nio-8888-exec-3] INFO  com.course.controller.UserManager - 登陆的用户是danli
2019-03-31 20:04:20.388 [http-nio-8888-exec-4] INFO  com.course.controller.UserManager - 查询到的结果是0
2019-03-31 20:04:20.466 [http-nio-8888-exec-5] INFO  com.course.controller.UserManager - cookies验证通过
2019-03-31 20:04:20.594 [http-nio-8888-exec-5] ERROR o.a.catalina.core.ContainerBase.[Tomcat].[localhost].[/].[dispatcherServlet] - Servlet.service() for servlet [dispatcherServlet] in context with path [] threw exception [Request processing failed; nested exception is org.springframework.dao.DuplicateKeyException: 
### Error updating database.  Cause: java.sql.SQLIntegrityConstraintViolationException: Duplicate entry '10' for key 'PRIMARY'
### The error may involve com.course.addUser-Inline
### The error occurred while setting parameters
### SQL: insert into          user(id,userName,password,sex,age,permission,isDelete)          values(?,?,?,?,?,?,?);
### Cause: java.sql.SQLIntegrityConstraintViolationException: Duplicate entry '10' for key 'PRIMARY'
; Duplicate entry '10' for key 'PRIMARY'; nested exception is java.sql.SQLIntegrityConstraintViolationException: Duplicate entry '10' for key 'PRIMARY'] with root cause
java.sql.SQLIntegrityConstraintViolationException: Duplicate entry '10' for key 'PRIMARY'
	at com.mysql.cj.jdbc.exceptions.SQLError.createSQLException(SQLError.java:117)
	at com.mysql.cj.jdbc.exceptions.SQLError.createSQLException(SQLError.java:97)
	at com.mysql.cj.jdbc.exceptions.SQLExceptionsMapping.translateException(SQLExceptionsMapping.java:122)
	at com.mysql.cj.jdbc.ClientPreparedStatement.executeInternal(ClientPreparedStatement.java:975)
	at com.mysql.cj.jdbc.ClientPreparedStatement.execute(ClientPreparedStatement.java:392)
	at com.zaxxer.hikari.pool.ProxyPreparedStatement.execute(ProxyPreparedStatement.java:44)
	at com.zaxxer.hikari.pool.HikariProxyPreparedStatement.execute(HikariProxyPreparedStatement.java)
	at org.apache.ibatis.executor.statement.PreparedStatementHandler.update(PreparedStatementHandler.java:46)
	at org.apache.ibatis.executor.statement.RoutingStatementHandler.update(RoutingStatementHandler.java:74)
	at org.apache.ibatis.executor.SimpleExecutor.doUpdate(SimpleExecutor.java:50)
	at org.apache.ibatis.executor.BaseExecutor.update(BaseExecutor.java:117)
	at org.apache.ibatis.executor.CachingExecutor.update(CachingExecutor.java:76)
	at org.apache.ibatis.session.defaults.DefaultSqlSession.update(DefaultSqlSession.java:198)
	at org.apache.ibatis.session.defaults.DefaultSqlSession.insert(DefaultSqlSession.java:185)
	at sun.reflect.NativeMethodAccessorImpl.invoke0(Native Method)
	at sun.reflect.NativeMethodAccessorImpl.invoke(NativeMethodAccessorImpl.java:62)
	at sun.reflect.DelegatingMethodAccessorImpl.invoke(DelegatingMethodAccessorImpl.java:43)
	at java.lang.reflect.Method.invoke(Method.java:498)
	at org.mybatis.spring.SqlSessionTemplate$SqlSessionInterceptor.invoke(SqlSessionTemplate.java:433)
	at com.sun.proxy.$Proxy64.insert(Unknown Source)
	at org.mybatis.spring.SqlSessionTemplate.insert(SqlSessionTemplate.java:278)
	at com.course.controller.UserManager.addUser(UserManager.java:43)
	at sun.reflect.NativeMethodAccessorImpl.invoke0(Native Method)
	at sun.reflect.NativeMethodAccessorImpl.invoke(NativeMethodAccessorImpl.java:62)
	at sun.reflect.DelegatingMethodAccessorImpl.invoke(DelegatingMethodAccessorImpl.java:43)
	at java.lang.reflect.Method.invoke(Method.java:498)
	at org.springframework.web.method.support.InvocableHandlerMethod.doInvoke(InvocableHandlerMethod.java:189)
	at org.springframework.web.method.support.InvocableHandlerMethod.invokeForRequest(InvocableHandlerMethod.java:138)
	at org.springframework.web.servlet.mvc.method.annotation.ServletInvocableHandlerMethod.invokeAndHandle(ServletInvocableHandlerMethod.java:102)
	at org.springframework.web.servlet.mvc.method.annotation.RequestMappingHandlerAdapter.invokeHandlerMethod(RequestMappingHandlerAdapter.java:895)
	at org.springframework.web.servlet.mvc.method.annotation.RequestMappingHandlerAdapter.handleInternal(RequestMappingHandlerAdapter.java:800)
	at org.springframework.web.servlet.mvc.method.AbstractHandlerMethodAdapter.handle(AbstractHandlerMethodAdapter.java:87)
	at org.springframework.web.servlet.DispatcherServlet.doDispatch(DispatcherServlet.java:1038)
	at org.springframework.web.servlet.DispatcherServlet.doService(DispatcherServlet.java:942)
	at org.springframework.web.servlet.FrameworkServlet.processRequest(FrameworkServlet.java:1005)
	at org.springframework.web.servlet.FrameworkServlet.doPost(FrameworkServlet.java:908)
	at javax.servlet.http.HttpServlet.service(HttpServlet.java:660)
	at org.springframework.web.servlet.FrameworkServlet.service(FrameworkServlet.java:882)
	at javax.servlet.http.HttpServlet.service(HttpServlet.java:741)
	at org.apache.catalina.core.ApplicationFilterChain.internalDoFilter(ApplicationFilterChain.java:231)
	at org.apache.catalina.core.ApplicationFilterChain.doFilter(ApplicationFilterChain.java:166)
	at org.apache.tomcat.websocket.server.WsFilter.doFilter(WsFilter.java:53)
	at org.apache.catalina.core.ApplicationFilterChain.internalDoFilter(ApplicationFilterChain.java:193)
	at org.apache.catalina.core.ApplicationFilterChain.doFilter(ApplicationFilterChain.java:166)
	at org.springframework.web.filter.RequestContextFilter.doFilterInternal(RequestContextFilter.java:99)
	at org.springframework.web.filter.OncePerRequestFilter.doFilter(OncePerRequestFilter.java:107)
	at org.apache.catalina.core.ApplicationFilterChain.internalDoFilter(ApplicationFilterChain.java:193)
	at org.apache.catalina.core.ApplicationFilterChain.doFilter(ApplicationFilterChain.java:166)
	at org.springframework.web.filter.FormContentFilter.doFilterInternal(FormContentFilter.java:92)
	at org.springframework.web.filter.OncePerRequestFilter.doFilter(OncePerRequestFilter.java:107)
	at org.apache.catalina.core.ApplicationFilterChain.internalDoFilter(ApplicationFilterChain.java:193)
	at org.apache.catalina.core.ApplicationFilterChain.doFilter(ApplicationFilterChain.java:166)
	at org.springframework.web.filter.HiddenHttpMethodFilter.doFilterInternal(HiddenHttpMethodFilter.java:93)
	at org.springframework.web.filter.OncePerRequestFilter.doFilter(OncePerRequestFilter.java:107)
	at org.apache.catalina.core.ApplicationFilterChain.internalDoFilter(ApplicationFilterChain.java:193)
	at org.apache.catalina.core.ApplicationFilterChain.doFilter(ApplicationFilterChain.java:166)
	at org.springframework.web.filter.CharacterEncodingFilter.doFilterInternal(CharacterEncodingFilter.java:200)
	at org.springframework.web.filter.OncePerRequestFilter.doFilter(OncePerRequestFilter.java:107)
	at org.apache.catalina.core.ApplicationFilterChain.internalDoFilter(ApplicationFilterChain.java:193)
	at org.apache.catalina.core.ApplicationFilterChain.doFilter(ApplicationFilterChain.java:166)
	at org.apache.catalina.core.StandardWrapperValve.invoke(StandardWrapperValve.java:200)
	at org.apache.catalina.core.StandardContextValve.invoke(StandardContextValve.java:96)
	at org.apache.catalina.authenticator.AuthenticatorBase.invoke(AuthenticatorBase.java:490)
	at org.apache.catalina.core.StandardHostValve.invoke(StandardHostValve.java:139)
	at org.apache.catalina.valves.ErrorReportValve.invoke(ErrorReportValve.java:92)
	at org.apache.catalina.core.StandardEngineValve.invoke(StandardEngineValve.java:74)
	at org.apache.catalina.connector.CoyoteAdapter.service(CoyoteAdapter.java:343)
	at org.apache.coyote.http11.Http11Processor.service(Http11Processor.java:408)
	at org.apache.coyote.AbstractProcessorLight.process(AbstractProcessorLight.java:66)
	at org.apache.coyote.AbstractProtocol$ConnectionHandler.process(AbstractProtocol.java:834)
	at org.apache.tomcat.util.net.NioEndpoint$SocketProcessor.doRun(NioEndpoint.java:1415)
	at org.apache.tomcat.util.net.SocketProcessorBase.run(SocketProcessorBase.java:49)
	at java.util.concurrent.ThreadPoolExecutor.runWorker(ThreadPoolExecutor.java:1149)
	at java.util.concurrent.ThreadPoolExecutor$Worker.run(ThreadPoolExecutor.java:624)
	at org.apache.tomcat.util.threads.TaskThread$WrappingRunnable.run(TaskThread.java:61)
	at java.lang.Thread.run(Thread.java:748)
2019-03-31 20:04:24.798 [http-nio-8888-exec-6] INFO  com.course.controller.UserManager - cookies验证通过
2019-03-31 20:04:24.804 [http-nio-8888-exec-6] INFO  com.course.controller.UserManager - getUserInfo获取到的用户数量是1
2019-03-31 20:04:26.859 [http-nio-8888-exec-7] INFO  com.course.controller.UserManager - cookies验证通过
2019-03-31 20:04:26.862 [http-nio-8888-exec-7] INFO  com.course.controller.UserManager - getUserInfo获取到的用户数量是3
2019-03-31 20:04:28.949 [http-nio-8888-exec-8] INFO  com.course.controller.UserManager - cookies验证通过
2019-03-31 20:04:28.951 [http-nio-8888-exec-8] INFO  com.course.controller.UserManager - 更新数据的条目数为1
2019-03-31 20:04:31.011 [http-nio-8888-exec-9] INFO  com.course.controller.UserManager - cookies验证通过
2019-03-31 20:04:31.014 [http-nio-8888-exec-9] INFO  com.course.controller.UserManager - 更新数据的条目数为1
2019-03-31 20:09:50.273 [http-nio-8888-exec-1] INFO  com.course.controller.UserManager - 查询到的结果是1
2019-03-31 20:09:50.273 [http-nio-8888-exec-1] INFO  com.course.controller.UserManager - 登陆的用户是danli
2019-03-31 20:09:50.356 [http-nio-8888-exec-2] INFO  com.course.controller.UserManager - 查询到的结果是0
2019-03-31 20:09:50.422 [http-nio-8888-exec-3] INFO  com.course.controller.UserManager - cookies验证通过
2019-03-31 20:09:50.490 [http-nio-8888-exec-3] INFO  com.course.controller.UserManager - 添加用户的数量是：1
2019-03-31 20:09:54.668 [http-nio-8888-exec-4] INFO  com.course.controller.UserManager - cookies验证通过
2019-03-31 20:09:54.672 [http-nio-8888-exec-4] INFO  com.course.controller.UserManager - getUserInfo获取到的用户数量是1
2019-03-31 20:09:56.740 [http-nio-8888-exec-5] INFO  com.course.controller.UserManager - cookies验证通过
2019-03-31 20:09:56.743 [http-nio-8888-exec-5] INFO  com.course.controller.UserManager - getUserInfo获取到的用户数量是3
2019-03-31 20:09:58.815 [http-nio-8888-exec-6] INFO  com.course.controller.UserManager - cookies验证通过
2019-03-31 20:09:58.818 [http-nio-8888-exec-6] INFO  com.course.controller.UserManager - 更新数据的条目数为1
2019-03-31 20:10:00.863 [http-nio-8888-exec-7] INFO  com.course.controller.UserManager - cookies验证通过
2019-03-31 20:10:00.867 [http-nio-8888-exec-7] INFO  com.course.controller.UserManager - 更新数据的条目数为1
2019-03-31 20:10:13.116 [http-nio-8888-exec-9] INFO  com.course.controller.UserManager - 查询到的结果是1
2019-03-31 20:10:13.116 [http-nio-8888-exec-9] INFO  com.course.controller.UserManager - 登陆的用户是danli
2019-03-31 20:10:13.201 [http-nio-8888-exec-10] INFO  com.course.controller.UserManager - 查询到的结果是0
2019-03-31 20:10:13.279 [http-nio-8888-exec-1] INFO  com.course.controller.UserManager - cookies验证通过
2019-03-31 20:10:13.325 [http-nio-8888-exec-1] INFO  com.course.controller.UserManager - 添加用户的数量是：1
2019-03-31 20:10:17.436 [http-nio-8888-exec-2] INFO  com.course.controller.UserManager - cookies验证通过
2019-03-31 20:10:17.445 [http-nio-8888-exec-2] INFO  com.course.controller.UserManager - getUserInfo获取到的用户数量是1
2019-03-31 20:10:19.485 [http-nio-8888-exec-3] INFO  com.course.controller.UserManager - cookies验证通过
2019-03-31 20:10:19.488 [http-nio-8888-exec-3] INFO  com.course.controller.UserManager - getUserInfo获取到的用户数量是3
2019-03-31 20:10:21.580 [http-nio-8888-exec-4] INFO  com.course.controller.UserManager - cookies验证通过
2019-03-31 20:10:21.589 [http-nio-8888-exec-4] INFO  com.course.controller.UserManager - 更新数据的条目数为1
2019-03-31 20:10:23.662 [http-nio-8888-exec-5] INFO  com.course.controller.UserManager - cookies验证通过
2019-03-31 20:10:23.665 [http-nio-8888-exec-5] INFO  com.course.controller.UserManager - 更新数据的条目数为1
2019-03-31 20:16:17.700 [main] INFO  com.course.Application - Starting Application on jj-PC with PID 9296 (G:\Danli\Workspace\muke\AutoTest\Chapter13\target\classes started by jj in G:\Danli\Workspace\muke\AutoTest)
2019-03-31 20:16:17.707 [main] INFO  com.course.Application - No active profile set, falling back to default profiles: default
2019-03-31 20:16:19.362 [main] WARN  org.mybatis.spring.mapper.ClassPathMapperScanner - No MyBatis mapper was found in '[com.course]' package. Please check your configuration.
2019-03-31 20:16:19.957 [main] INFO  o.s.context.support.PostProcessorRegistrationDelegate$BeanPostProcessorChecker - Bean 'org.springframework.transaction.annotation.ProxyTransactionManagementConfiguration' of type [org.springframework.transaction.annotation.ProxyTransactionManagementConfiguration$$EnhancerBySpringCGLIB$$7e6d554f] is not eligible for getting processed by all BeanPostProcessors (for example: not eligible for auto-proxying)
2019-03-31 20:16:20.411 [main] INFO  org.springframework.boot.web.embedded.tomcat.TomcatWebServer - Tomcat initialized with port(s): 8888 (http)
2019-03-31 20:16:20.440 [main] INFO  org.apache.catalina.core.StandardService - Starting service [Tomcat]
2019-03-31 20:16:20.440 [main] INFO  org.apache.catalina.core.StandardEngine - Starting Servlet engine: [Apache Tomcat/9.0.16]
2019-03-31 20:16:20.448 [main] INFO  org.apache.catalina.core.AprLifecycleListener - The APR based Apache Tomcat Native library which allows optimal performance in production environments was not found on the java.library.path: [C:\Program Files\Java\jdk1.8.0_171\bin;C:\Windows\Sun\Java\bin;C:\Windows\system32;C:\Windows;C:\Program Files (x86)\NetSarang\Xftp 6\;C:\Program Files (x86)\NetSarang\Xshell 6\;C:\Python27\;C:\Python27\Scripts;C:\Program Files (x86)\IntelSWTools\Intel(R)_Media_SDK_2017.0.1\bin\x64;C:\Program Files (x86)\IntelSWTools\Intel(R)_Media_SDK_2017.0.1\bin\win32;C:\Perl64\site\bin;C:\Perl64\bin;C:\Program Files (x86)\Common Files\Oracle\Java\javapath;C:\Windows\system32;C:\Windows;C:\Windows\System32\Wbem;C:\Windows\System32\WindowsPowerShell\v1.0\;C:\Program Files (x86)\NVIDIA Corporation\PhysX\Common;C:\Program Files\Java\jdk1.8.0_171\bin;C:\Program Files\Java\jdk1.8.0_171\jre\bin;C:\Program Files\Git\cmd;E:\svn\bin;C:\Program Files\Microsoft\Web Platform Installer\;C:\Program Files (x86)\Microsoft ASP.NET\ASP.NET Web Pages\v1.0\;C:\Program Files\Microsoft SQL Server\110\Tools\Binn\;C:\Program Files (x86)\Microsoft SQL Server\100\Tools\Binn\;C:\Program Files\Microsoft SQL Server\100\Tools\Binn\;C:\Program Files\Microsoft SQL Server\100\DTS\Binn\;E:\Program Files (x86)\Microsoft Visual Studio 10.0\VC\bin;E:\Program Files (x86)\Microsoft Visual Studio 10.0\Common7\IDE;C:\MinGW\bin;F:\android-sdk\Android\android-sdk\ndk-bundle;C:\Program Files\dotnet\;F:\nginx-rtmp\UnxUpdates;C:\node\;G:\丹丽\Fiddler;C:\Users\jj\AppData\Roaming\npm;.]
2019-03-31 20:16:20.620 [main] INFO  org.apache.catalina.core.ContainerBase.[Tomcat].[localhost].[/] - Initializing Spring embedded WebApplicationContext
2019-03-31 20:16:20.620 [main] INFO  org.springframework.web.context.ContextLoader - Root WebApplicationContext: initialization completed in 2846 ms
2019-03-31 20:16:21.787 [main] INFO  org.springframework.scheduling.concurrent.ThreadPoolTaskExecutor - Initializing ExecutorService 'applicationTaskExecutor'
2019-03-31 20:16:22.001 [main] INFO  org.springframework.scheduling.concurrent.ThreadPoolTaskScheduler - Initializing ExecutorService 'taskScheduler'
2019-03-31 20:16:22.089 [main] INFO  springfox.documentation.spring.web.plugins.DocumentationPluginsBootstrapper - Context refreshed
2019-03-31 20:16:22.116 [main] INFO  springfox.documentation.spring.web.plugins.DocumentationPluginsBootstrapper - Found 1 custom documentation plugin(s)
2019-03-31 20:16:22.141 [main] INFO  springfox.documentation.spring.web.scanners.ApiListingReferenceScanner - Scanning for api listing references
2019-03-31 20:16:22.571 [main] INFO  org.springframework.boot.web.embedded.tomcat.TomcatWebServer - Tomcat started on port(s): 8888 (http) with context path ''
2019-03-31 20:16:22.575 [main] INFO  com.course.Application - Started Application in 5.778 seconds (JVM running for 7.728)
2019-03-31 20:52:52.569 [http-nio-8888-exec-1] INFO  org.apache.catalina.core.ContainerBase.[Tomcat].[localhost].[/] - Initializing Spring DispatcherServlet 'dispatcherServlet'
2019-03-31 20:52:52.570 [http-nio-8888-exec-1] INFO  org.springframework.web.servlet.DispatcherServlet - Initializing Servlet 'dispatcherServlet'
2019-03-31 20:52:52.582 [http-nio-8888-exec-1] INFO  org.springframework.web.servlet.DispatcherServlet - Completed initialization in 12 ms
2019-03-31 20:52:52.677 [http-nio-8888-exec-1] INFO  com.zaxxer.hikari.HikariDataSource - HikariPool-1 - Starting...
2019-03-31 20:52:52.813 [http-nio-8888-exec-1] INFO  com.zaxxer.hikari.HikariDataSource - HikariPool-1 - Start completed.
2019-03-31 20:52:52.861 [http-nio-8888-exec-1] INFO  com.course.controller.UserManager - 查询到的结果是1
2019-03-31 20:52:52.861 [http-nio-8888-exec-1] INFO  com.course.controller.UserManager - 登陆的用户是danli
2019-03-31 20:52:52.964 [http-nio-8888-exec-2] INFO  com.course.controller.UserManager - 查询到的结果是0
2019-03-31 20:52:53.021 [http-nio-8888-exec-3] INFO  com.course.controller.UserManager - cookies验证通过
2019-03-31 20:52:53.102 [http-nio-8888-exec-3] INFO  com.course.controller.UserManager - 添加用户的数量是：1
2019-03-31 20:52:57.211 [http-nio-8888-exec-4] INFO  com.course.controller.UserManager - cookies验证通过
2019-03-31 20:52:57.235 [http-nio-8888-exec-4] INFO  com.course.controller.UserManager - getUserInfo获取到的用户数量是1
2019-03-31 20:52:59.335 [http-nio-8888-exec-5] INFO  com.course.controller.UserManager - cookies验证通过
2019-03-31 20:52:59.340 [http-nio-8888-exec-5] INFO  com.course.controller.UserManager - getUserInfo获取到的用户数量是3
2019-03-31 20:53:01.437 [http-nio-8888-exec-6] INFO  com.course.controller.UserManager - cookies验证通过
2019-03-31 20:53:01.442 [http-nio-8888-exec-6] INFO  com.course.controller.UserManager - 更新数据的条目数为1
2019-03-31 20:53:03.497 [http-nio-8888-exec-7] INFO  com.course.controller.UserManager - cookies验证通过
2019-03-31 20:53:03.501 [http-nio-8888-exec-7] INFO  com.course.controller.UserManager - 更新数据的条目数为1
2019-03-31 21:04:26.631 [http-nio-8888-exec-9] INFO  com.course.controller.UserManager - 查询到的结果是1
2019-03-31 21:04:26.631 [http-nio-8888-exec-9] INFO  com.course.controller.UserManager - 登陆的用户是danli
2019-03-31 21:04:26.701 [http-nio-8888-exec-10] INFO  com.course.controller.UserManager - 查询到的结果是0
2019-03-31 21:04:26.784 [http-nio-8888-exec-1] INFO  com.course.controller.UserManager - cookies验证通过
2019-03-31 21:04:26.857 [http-nio-8888-exec-1] INFO  com.course.controller.UserManager - 添加用户的数量是：1
2019-03-31 21:04:30.932 [http-nio-8888-exec-2] INFO  com.course.controller.UserManager - cookies验证通过
2019-03-31 21:04:30.936 [http-nio-8888-exec-2] INFO  com.course.controller.UserManager - getUserInfo获取到的用户数量是1
2019-03-31 21:04:33.004 [http-nio-8888-exec-3] INFO  com.course.controller.UserManager - cookies验证通过
2019-03-31 21:04:33.009 [http-nio-8888-exec-3] INFO  com.course.controller.UserManager - getUserInfo获取到的用户数量是3
2019-03-31 21:04:35.091 [http-nio-8888-exec-4] INFO  com.course.controller.UserManager - cookies验证通过
2019-03-31 21:04:35.094 [http-nio-8888-exec-4] INFO  com.course.controller.UserManager - 更新数据的条目数为1
2019-03-31 21:04:37.152 [http-nio-8888-exec-5] INFO  com.course.controller.UserManager - cookies验证通过
2019-03-31 21:04:37.155 [http-nio-8888-exec-5] INFO  com.course.controller.UserManager - 更新数据的条目数为1
2019-03-31 21:12:13.460 [http-nio-8888-exec-7] INFO  com.course.controller.UserManager - 查询到的结果是1
2019-03-31 21:12:13.460 [http-nio-8888-exec-7] INFO  com.course.controller.UserManager - 登陆的用户是danli
2019-03-31 21:12:13.527 [http-nio-8888-exec-8] INFO  com.course.controller.UserManager - 查询到的结果是0
2019-03-31 21:12:13.579 [http-nio-8888-exec-9] INFO  com.course.controller.UserManager - cookies验证通过
2019-03-31 21:12:13.588 [http-nio-8888-exec-9] INFO  com.course.controller.UserManager - 添加用户的数量是：1
2019-03-31 21:12:17.692 [http-nio-8888-exec-10] INFO  com.course.controller.UserManager - cookies验证通过
2019-03-31 21:12:17.695 [http-nio-8888-exec-10] INFO  com.course.controller.UserManager - getUserInfo获取到的用户数量是1
2019-03-31 21:12:19.771 [http-nio-8888-exec-1] INFO  com.course.controller.UserManager - cookies验证通过
2019-03-31 21:12:19.775 [http-nio-8888-exec-1] INFO  com.course.controller.UserManager - getUserInfo获取到的用户数量是3
2019-03-31 21:12:21.850 [http-nio-8888-exec-2] INFO  com.course.controller.UserManager - cookies验证通过
2019-03-31 21:12:21.852 [http-nio-8888-exec-2] INFO  com.course.controller.UserManager - 更新数据的条目数为1
2019-03-31 21:12:23.920 [http-nio-8888-exec-3] INFO  com.course.controller.UserManager - cookies验证通过
2019-03-31 21:12:23.922 [http-nio-8888-exec-3] INFO  com.course.controller.UserManager - 更新数据的条目数为1
2019-03-31 21:13:33.605 [main] INFO  com.course.Application - Starting Application on jj-PC with PID 9652 (G:\Danli\Workspace\muke\AutoTest\Chapter13\target\classes started by jj in G:\Danli\Workspace\muke\AutoTest)
2019-03-31 21:13:33.610 [main] INFO  com.course.Application - No active profile set, falling back to default profiles: default
2019-03-31 21:13:35.434 [main] WARN  org.mybatis.spring.mapper.ClassPathMapperScanner - No MyBatis mapper was found in '[com.course]' package. Please check your configuration.
2019-03-31 21:13:35.946 [main] INFO  o.s.context.support.PostProcessorRegistrationDelegate$BeanPostProcessorChecker - Bean 'org.springframework.transaction.annotation.ProxyTransactionManagementConfiguration' of type [org.springframework.transaction.annotation.ProxyTransactionManagementConfiguration$$EnhancerBySpringCGLIB$$e33ebcd2] is not eligible for getting processed by all BeanPostProcessors (for example: not eligible for auto-proxying)
2019-03-31 21:13:36.343 [main] INFO  org.springframework.boot.web.embedded.tomcat.TomcatWebServer - Tomcat initialized with port(s): 8888 (http)
2019-03-31 21:13:36.371 [main] INFO  org.apache.catalina.core.StandardService - Starting service [Tomcat]
2019-03-31 21:13:36.371 [main] INFO  org.apache.catalina.core.StandardEngine - Starting Servlet engine: [Apache Tomcat/9.0.16]
2019-03-31 21:13:36.380 [main] INFO  org.apache.catalina.core.AprLifecycleListener - The APR based Apache Tomcat Native library which allows optimal performance in production environments was not found on the java.library.path: [C:\Program Files\Java\jdk1.8.0_171\bin;C:\Windows\Sun\Java\bin;C:\Windows\system32;C:\Windows;C:\Program Files (x86)\NetSarang\Xftp 6\;C:\Program Files (x86)\NetSarang\Xshell 6\;C:\Python27\;C:\Python27\Scripts;C:\Program Files (x86)\IntelSWTools\Intel(R)_Media_SDK_2017.0.1\bin\x64;C:\Program Files (x86)\IntelSWTools\Intel(R)_Media_SDK_2017.0.1\bin\win32;C:\Perl64\site\bin;C:\Perl64\bin;C:\Program Files (x86)\Common Files\Oracle\Java\javapath;C:\Windows\system32;C:\Windows;C:\Windows\System32\Wbem;C:\Windows\System32\WindowsPowerShell\v1.0\;C:\Program Files (x86)\NVIDIA Corporation\PhysX\Common;C:\Program Files\Java\jdk1.8.0_171\bin;C:\Program Files\Java\jdk1.8.0_171\jre\bin;C:\Program Files\Git\cmd;E:\svn\bin;C:\Program Files\Microsoft\Web Platform Installer\;C:\Program Files (x86)\Microsoft ASP.NET\ASP.NET Web Pages\v1.0\;C:\Program Files\Microsoft SQL Server\110\Tools\Binn\;C:\Program Files (x86)\Microsoft SQL Server\100\Tools\Binn\;C:\Program Files\Microsoft SQL Server\100\Tools\Binn\;C:\Program Files\Microsoft SQL Server\100\DTS\Binn\;E:\Program Files (x86)\Microsoft Visual Studio 10.0\VC\bin;E:\Program Files (x86)\Microsoft Visual Studio 10.0\Common7\IDE;C:\MinGW\bin;F:\android-sdk\Android\android-sdk\ndk-bundle;C:\Program Files\dotnet\;F:\nginx-rtmp\UnxUpdates;C:\node\;G:\丹丽\Fiddler;C:\Users\jj\AppData\Roaming\npm;.]
2019-03-31 21:13:36.550 [main] INFO  org.apache.catalina.core.ContainerBase.[Tomcat].[localhost].[/] - Initializing Spring embedded WebApplicationContext
2019-03-31 21:13:36.550 [main] INFO  org.springframework.web.context.ContextLoader - Root WebApplicationContext: initialization completed in 2866 ms
2019-03-31 21:13:37.568 [main] INFO  org.springframework.scheduling.concurrent.ThreadPoolTaskExecutor - Initializing ExecutorService 'applicationTaskExecutor'
2019-03-31 21:13:37.766 [main] INFO  org.springframework.scheduling.concurrent.ThreadPoolTaskScheduler - Initializing ExecutorService 'taskScheduler'
2019-03-31 21:13:37.830 [main] INFO  springfox.documentation.spring.web.plugins.DocumentationPluginsBootstrapper - Context refreshed
2019-03-31 21:13:37.849 [main] INFO  springfox.documentation.spring.web.plugins.DocumentationPluginsBootstrapper - Found 1 custom documentation plugin(s)
2019-03-31 21:13:37.865 [main] INFO  springfox.documentation.spring.web.scanners.ApiListingReferenceScanner - Scanning for api listing references
2019-03-31 21:13:38.203 [main] INFO  org.springframework.boot.web.embedded.tomcat.TomcatWebServer - Tomcat started on port(s): 8888 (http) with context path ''
2019-03-31 21:13:38.209 [main] INFO  com.course.Application - Started Application in 5.707 seconds (JVM running for 7.872)
2019-03-31 21:13:54.716 [http-nio-8888-exec-2] INFO  org.apache.catalina.core.ContainerBase.[Tomcat].[localhost].[/] - Initializing Spring DispatcherServlet 'dispatcherServlet'
2019-03-31 21:13:54.716 [http-nio-8888-exec-2] INFO  org.springframework.web.servlet.DispatcherServlet - Initializing Servlet 'dispatcherServlet'
2019-03-31 21:13:54.726 [http-nio-8888-exec-2] INFO  org.springframework.web.servlet.DispatcherServlet - Completed initialization in 10 ms
2019-03-31 21:13:54.819 [http-nio-8888-exec-2] INFO  com.zaxxer.hikari.HikariDataSource - HikariPool-1 - Starting...
2019-03-31 21:13:54.950 [http-nio-8888-exec-2] INFO  com.zaxxer.hikari.HikariDataSource - HikariPool-1 - Start completed.
2019-03-31 21:13:54.999 [http-nio-8888-exec-2] INFO  com.course.controller.UserManager - 查询到的结果是1
2019-03-31 21:13:54.999 [http-nio-8888-exec-2] INFO  com.course.controller.UserManager - 登陆的用户是danli
2019-03-31 21:13:55.087 [http-nio-8888-exec-1] INFO  com.course.controller.UserManager - 查询到的结果是0
2019-03-31 21:13:55.176 [http-nio-8888-exec-3] INFO  com.course.controller.UserManager - cookies验证通过
2019-03-31 21:13:55.284 [http-nio-8888-exec-3] INFO  com.course.controller.UserManager - 添加用户的数量是：1
2019-03-31 21:13:59.441 [http-nio-8888-exec-4] INFO  com.course.controller.UserManager - cookies验证通过
2019-03-31 21:13:59.474 [http-nio-8888-exec-4] INFO  com.course.controller.UserManager - getUserInfo获取到的用户数量是3
2019-03-31 21:14:01.569 [http-nio-8888-exec-5] INFO  com.course.controller.UserManager - cookies验证通过
2019-03-31 21:14:01.573 [http-nio-8888-exec-5] INFO  com.course.controller.UserManager - getUserInfo获取到的用户数量是1
2019-03-31 21:14:03.609 [http-nio-8888-exec-6] INFO  com.course.controller.UserManager - cookies验证通过
2019-03-31 21:14:03.612 [http-nio-8888-exec-6] INFO  com.course.controller.UserManager - 更新数据的条目数为1
2019-03-31 21:14:05.699 [http-nio-8888-exec-7] INFO  com.course.controller.UserManager - cookies验证通过
2019-03-31 21:14:05.702 [http-nio-8888-exec-7] INFO  com.course.controller.UserManager - 更新数据的条目数为1
2019-03-31 21:14:33.672 [main] INFO  com.course.Application - Starting Application on jj-PC with PID 8448 (G:\Danli\Workspace\muke\AutoTest\Chapter13\target\classes started by jj in G:\Danli\Workspace\muke\AutoTest)
2019-03-31 21:14:33.676 [main] INFO  com.course.Application - No active profile set, falling back to default profiles: default
2019-03-31 21:14:35.282 [main] WARN  org.mybatis.spring.mapper.ClassPathMapperScanner - No MyBatis mapper was found in '[com.course]' package. Please check your configuration.
2019-03-31 21:14:35.688 [main] INFO  o.s.context.support.PostProcessorRegistrationDelegate$BeanPostProcessorChecker - Bean 'org.springframework.transaction.annotation.ProxyTransactionManagementConfiguration' of type [org.springframework.transaction.annotation.ProxyTransactionManagementConfiguration$$EnhancerBySpringCGLIB$$9141c6c7] is not eligible for getting processed by all BeanPostProcessors (for example: not eligible for auto-proxying)
2019-03-31 21:14:36.099 [main] INFO  org.springframework.boot.web.embedded.tomcat.TomcatWebServer - Tomcat initialized with port(s): 8888 (http)
2019-03-31 21:14:36.130 [main] INFO  org.apache.catalina.core.StandardService - Starting service [Tomcat]
2019-03-31 21:14:36.130 [main] INFO  org.apache.catalina.core.StandardEngine - Starting Servlet engine: [Apache Tomcat/9.0.16]
2019-03-31 21:14:36.139 [main] INFO  org.apache.catalina.core.AprLifecycleListener - The APR based Apache Tomcat Native library which allows optimal performance in production environments was not found on the java.library.path: [C:\Program Files\Java\jdk1.8.0_171\bin;C:\Windows\Sun\Java\bin;C:\Windows\system32;C:\Windows;C:\Program Files (x86)\NetSarang\Xftp 6\;C:\Program Files (x86)\NetSarang\Xshell 6\;C:\Python27\;C:\Python27\Scripts;C:\Program Files (x86)\IntelSWTools\Intel(R)_Media_SDK_2017.0.1\bin\x64;C:\Program Files (x86)\IntelSWTools\Intel(R)_Media_SDK_2017.0.1\bin\win32;C:\Perl64\site\bin;C:\Perl64\bin;C:\Program Files (x86)\Common Files\Oracle\Java\javapath;C:\Windows\system32;C:\Windows;C:\Windows\System32\Wbem;C:\Windows\System32\WindowsPowerShell\v1.0\;C:\Program Files (x86)\NVIDIA Corporation\PhysX\Common;C:\Program Files\Java\jdk1.8.0_171\bin;C:\Program Files\Java\jdk1.8.0_171\jre\bin;C:\Program Files\Git\cmd;E:\svn\bin;C:\Program Files\Microsoft\Web Platform Installer\;C:\Program Files (x86)\Microsoft ASP.NET\ASP.NET Web Pages\v1.0\;C:\Program Files\Microsoft SQL Server\110\Tools\Binn\;C:\Program Files (x86)\Microsoft SQL Server\100\Tools\Binn\;C:\Program Files\Microsoft SQL Server\100\Tools\Binn\;C:\Program Files\Microsoft SQL Server\100\DTS\Binn\;E:\Program Files (x86)\Microsoft Visual Studio 10.0\VC\bin;E:\Program Files (x86)\Microsoft Visual Studio 10.0\Common7\IDE;C:\MinGW\bin;F:\android-sdk\Android\android-sdk\ndk-bundle;C:\Program Files\dotnet\;F:\nginx-rtmp\UnxUpdates;C:\node\;G:\丹丽\Fiddler;C:\Users\jj\AppData\Roaming\npm;.]
2019-03-31 21:14:36.355 [main] INFO  org.apache.catalina.core.ContainerBase.[Tomcat].[localhost].[/] - Initializing Spring embedded WebApplicationContext
2019-03-31 21:14:36.355 [main] INFO  org.springframework.web.context.ContextLoader - Root WebApplicationContext: initialization completed in 2569 ms
2019-03-31 21:14:37.722 [main] INFO  org.springframework.scheduling.concurrent.ThreadPoolTaskExecutor - Initializing ExecutorService 'applicationTaskExecutor'
2019-03-31 21:14:38.000 [main] INFO  org.springframework.scheduling.concurrent.ThreadPoolTaskScheduler - Initializing ExecutorService 'taskScheduler'
2019-03-31 21:14:38.080 [main] INFO  springfox.documentation.spring.web.plugins.DocumentationPluginsBootstrapper - Context refreshed
2019-03-31 21:14:38.106 [main] INFO  springfox.documentation.spring.web.plugins.DocumentationPluginsBootstrapper - Found 1 custom documentation plugin(s)
2019-03-31 21:14:38.130 [main] INFO  springfox.documentation.spring.web.scanners.ApiListingReferenceScanner - Scanning for api listing references
2019-03-31 21:14:38.591 [main] INFO  org.springframework.boot.web.embedded.tomcat.TomcatWebServer - Tomcat started on port(s): 8888 (http) with context path ''
2019-03-31 21:14:38.596 [main] INFO  com.course.Application - Started Application in 6.151 seconds (JVM running for 8.258)
2019-03-31 21:33:22.035 [http-nio-8888-exec-1] INFO  org.apache.catalina.core.ContainerBase.[Tomcat].[localhost].[/] - Initializing Spring DispatcherServlet 'dispatcherServlet'
2019-03-31 21:33:22.035 [http-nio-8888-exec-1] INFO  org.springframework.web.servlet.DispatcherServlet - Initializing Servlet 'dispatcherServlet'
2019-03-31 21:33:22.048 [http-nio-8888-exec-1] INFO  org.springframework.web.servlet.DispatcherServlet - Completed initialization in 12 ms
2019-03-31 21:33:22.156 [http-nio-8888-exec-1] INFO  com.zaxxer.hikari.HikariDataSource - HikariPool-1 - Starting...
2019-03-31 21:33:22.292 [http-nio-8888-exec-1] INFO  com.zaxxer.hikari.HikariDataSource - HikariPool-1 - Start completed.
2019-03-31 21:33:22.341 [http-nio-8888-exec-1] INFO  com.course.controller.UserManager - 查询到的结果是1
2019-03-31 21:33:22.342 [http-nio-8888-exec-1] INFO  com.course.controller.UserManager - 登陆的用户是danli
2019-03-31 21:33:22.465 [http-nio-8888-exec-2] INFO  com.course.controller.UserManager - 查询到的结果是0
2019-03-31 21:33:22.526 [http-nio-8888-exec-4] INFO  com.course.controller.UserManager - cookies验证通过
2019-03-31 21:33:22.549 [http-nio-8888-exec-4] INFO  com.course.controller.UserManager - 添加用户的数量是：1
2019-03-31 21:33:26.666 [http-nio-8888-exec-5] INFO  com.course.controller.UserManager - cookies验证通过
2019-03-31 21:33:26.695 [http-nio-8888-exec-5] INFO  com.course.controller.UserManager - getUserInfo获取到的用户数量是1
